<?xml version="1.0" encoding="UTF-8"?>
<!-- Generated by org.testng.reporters.JUnitReportReporter -->
<testsuite hostname="Navpreets-MacBook-Pro.local" failures="0" tests="1" name="Tests.ABTesting" time="5.642" errors="0" timestamp="15 Jun 2021 03:23:33 GMT">
  <testcase classname="Tests.ABTesting" name="testingAB" time="5.642"/>
</testsuite> <!-- Tests.ABTesting -->
