<?xml version="1.0" encoding="UTF-8"?>
<!-- Generated by org.testng.reporters.JUnitReportReporter -->
<testsuite hostname="Navpreets-MacBook-Pro.local" failures="0" tests="1" name="Tests.CheckBoxes" time="6.642" errors="0" timestamp="15 Jun 2021 05:19:35 GMT">
  <testcase classname="Tests.CheckBoxes" name="testingAB" time="6.642"/>
</testsuite> <!-- Tests.CheckBoxes -->
