<?xml version="1.0" encoding="UTF-8"?>
<!-- Generated by org.testng.reporters.JUnitReportReporter -->
<testsuite hostname="Navpreets-MacBook-Pro.local" failures="0" tests="1" name="Tests.ABTesting" time="5.832" errors="0" timestamp="12 Jun 2021 21:12:53 GMT">
  <testcase classname="Tests.ABTesting" name="testingAB" time="5.832"/>
</testsuite> <!-- Tests.ABTesting -->
