<?xml version="1.0" encoding="UTF-8"?>
<!-- Generated by org.testng.reporters.JUnitReportReporter -->
<testsuite hostname="Navpreets-MacBook-Pro.local" failures="0" tests="4" name="TestUtils.BasicAuthorization" time="6.769" errors="0" timestamp="15 Jun 2021 05:08:36 GMT">
  <testcase classname="TestUtils.BasicAuthorization" name="test1" time="1.832"/>
  <testcase classname="TestUtils.BasicAuthorization" name="test1" time="2.115"/>
  <testcase classname="TestUtils.BasicAuthorization" name="test1" time="1.422"/>
  <testcase classname="TestUtils.BasicAuthorization" name="test1" time="1.400"/>
</testsuite> <!-- TestUtils.BasicAuthorization -->
