<?xml version="1.0" encoding="UTF-8"?>
<!-- Generated by org.testng.reporters.JUnitReportReporter -->
<testsuite hostname="Navpreets-MacBook-Pro.local" failures="0" tests="1" name="Tests.AddRemoveElements" time="36.017" errors="0" timestamp="15 Jun 2021 03:37:26 GMT">
  <testcase classname="Tests.AddRemoveElements" name="testingAB" time="36.017"/>
</testsuite> <!-- Tests.AddRemoveElements -->
