<?xml version="1.0" encoding="UTF-8"?>
<!-- Generated by org.testng.reporters.JUnitReportReporter -->
<testsuite hostname="Navpreets-MacBook-Pro.local" failures="0" tests="1" name="Tests.ContextMenu" time="7.989" errors="0" timestamp="15 Jun 2021 16:42:18 GMT">
  <testcase classname="Tests.ContextMenu" name="testingAB" time="7.989"/>
</testsuite> <!-- Tests.ContextMenu -->
